[Header]\r\n2015-09-10 01:45:00,565 [10] ERROR VendasOnline.RestServices.Services.ProductsService Erro na pesquisa de produtos
System.Data.Entity.Core.ProviderIncompatibleException: An error occurred accessing the database. This usually means that the connection to the database failed. Check that the connection string is correct and that the appropriate DbContext constructor is being used to specify it or find it in the application's config file. See http://go.microsoft.com/fwlink/?LinkId=386386 for information on DbContext and connections. See the inner exception for details of the failure. ---> System.Data.Entity.Core.ProviderIncompatibleException: The provider did not return a ProviderManifestToken string. ---> MySql.Data.MySqlClient.MySqlException: Unable to connect to any of the specified MySQL hosts.
   em MySql.Data.MySqlClient.NativeDriver.Open()
   em MySql.Data.MySqlClient.Driver.Open()
   em MySql.Data.MySqlClient.Driver.Create(MySqlConnectionStringBuilder settings)
   em MySql.Data.MySqlClient.MySqlPool.CreateNewPooledConnection()
   em MySql.Data.MySqlClient.MySqlPool.GetPooledConnection()
   em MySql.Data.MySqlClient.MySqlPool.TryToGetDriver()
   em MySql.Data.MySqlClient.MySqlPool.GetConnection()
   em MySql.Data.MySqlClient.MySqlConnection.Open()
   em MySql.Data.MySqlClient.MySqlProviderServices.GetDbProviderManifestToken(DbConnection connection)
   em System.Data.Entity.Core.Common.DbProviderServices.GetProviderManifestToken(DbConnection connection)
   --- Fim do rastreio da pilha de excepção interna ---
   em System.Data.Entity.Core.Common.DbProviderServices.GetProviderManifestToken(DbConnection connection)
   em System.Data.Entity.Utilities.DbProviderServicesExtensions.GetProviderManifestTokenChecked(DbProviderServices providerServices, DbConnection connection)
   --- Fim do rastreio da pilha de excepção interna ---
   em System.Data.Entity.Utilities.DbProviderServicesExtensions.GetProviderManifestTokenChecked(DbProviderServices providerServices, DbConnection connection)
   em System.Data.Entity.Infrastructure.DefaultManifestTokenResolver.<>c__DisplayClass1.<ResolveManifestToken>b__0(Tuple`3 k)
   em System.Collections.Concurrent.ConcurrentDictionary`2.GetOrAdd(TKey key, Func`2 valueFactory)
   em System.Data.Entity.Infrastructure.DefaultManifestTokenResolver.ResolveManifestToken(DbConnection connection)
   em System.Data.Entity.Utilities.DbConnectionExtensions.GetProviderInfo(DbConnection connection, DbProviderManifest& providerManifest)
   em System.Data.Entity.DbModelBuilder.Build(DbConnection providerConnection)
   em System.Data.Entity.Internal.LazyInternalContext.CreateModel(LazyInternalContext internalContext)
   em System.Data.Entity.Internal.RetryLazy`2.GetValue(TInput input)
   em System.Data.Entity.Internal.LazyInternalContext.InitializeContext()
   em System.Data.Entity.Internal.InternalContext.GetEntitySetAndBaseTypeForType(Type entityType)
   em System.Data.Entity.Internal.Linq.InternalSet`1.Initialize()
   em System.Data.Entity.Internal.Linq.InternalSet`1.get_InternalContext()
   em System.Data.Entity.Infrastructure.DbQuery`1.System.Linq.IQueryable.get_Provider()
   em System.Linq.Queryable.Where[TSource](IQueryable`1 source, Expression`1 predicate)
   em VendasOnline.Data.Models.vendasonlineRepository.SearchProduct(List`1 searchParameters) em e:\ISEC\Mestrado\Projeto\Versionamento\Implementacao\DotNet\VendasOnline\VendasOnline.Data\Models\vendasonlineRepository.cs:line 28
   em VendasOnline.RestServices.Services.ProductsService.SearchProducts(List`1 searchParameters) em e:\ISEC\Mestrado\Projeto\Versionamento\Implementacao\DotNet\VendasOnline\VendasOnline.RestServices\Services\ProductsService.cs:line 43
2015-09-10 01:46:00,983 [13] ERROR VendasOnline.RestServices.Services.ProductsService Erro na pesquisa de produtos
System.Data.Entity.Core.ProviderIncompatibleException: An error occurred accessing the database. This usually means that the connection to the database failed. Check that the connection string is correct and that the appropriate DbContext constructor is being used to specify it or find it in the application's config file. See http://go.microsoft.com/fwlink/?LinkId=386386 for information on DbContext and connections. See the inner exception for details of the failure. ---> System.Data.Entity.Core.ProviderIncompatibleException: The provider did not return a ProviderManifestToken string. ---> MySql.Data.MySqlClient.MySqlException: Unable to connect to any of the specified MySQL hosts.
   em MySql.Data.MySqlClient.NativeDriver.Open()
   em MySql.Data.MySqlClient.Driver.Open()
   em MySql.Data.MySqlClient.Driver.Create(MySqlConnectionStringBuilder settings)
   em MySql.Data.MySqlClient.MySqlPool.CreateNewPooledConnection()
   em MySql.Data.MySqlClient.MySqlPool.GetPooledConnection()
   em MySql.Data.MySqlClient.MySqlPool.TryToGetDriver()
   em MySql.Data.MySqlClient.MySqlPool.GetConnection()
   em MySql.Data.MySqlClient.MySqlConnection.Open()
   em MySql.Data.MySqlClient.MySqlProviderServices.GetDbProviderManifestToken(DbConnection connection)
   em System.Data.Entity.Core.Common.DbProviderServices.GetProviderManifestToken(DbConnection connection)
   --- Fim do rastreio da pilha de excepção interna ---
   em System.Data.Entity.Core.Common.DbProviderServices.GetProviderManifestToken(DbConnection connection)
   em System.Data.Entity.Utilities.DbProviderServicesExtensions.GetProviderManifestTokenChecked(DbProviderServices providerServices, DbConnection connection)
   --- Fim do rastreio da pilha de excepção interna ---
   em System.Data.Entity.Utilities.DbProviderServicesExtensions.GetProviderManifestTokenChecked(DbProviderServices providerServices, DbConnection connection)
   em System.Data.Entity.Infrastructure.DefaultManifestTokenResolver.<>c__DisplayClass1.<ResolveManifestToken>b__0(Tuple`3 k)
   em System.Collections.Concurrent.ConcurrentDictionary`2.GetOrAdd(TKey key, Func`2 valueFactory)
   em System.Data.Entity.Infrastructure.DefaultManifestTokenResolver.ResolveManifestToken(DbConnection connection)
   em System.Data.Entity.Utilities.DbConnectionExtensions.GetProviderInfo(DbConnection connection, DbProviderManifest& providerManifest)
   em System.Data.Entity.DbModelBuilder.Build(DbConnection providerConnection)
   em System.Data.Entity.Internal.LazyInternalContext.CreateModel(LazyInternalContext internalContext)
   em System.Data.Entity.Internal.RetryLazy`2.GetValue(TInput input)
   em System.Data.Entity.Internal.LazyInternalContext.InitializeContext()
   em System.Data.Entity.Internal.InternalContext.GetEntitySetAndBaseTypeForType(Type entityType)
   em System.Data.Entity.Internal.Linq.InternalSet`1.Initialize()
   em System.Data.Entity.Internal.Linq.InternalSet`1.get_InternalContext()
   em System.Data.Entity.Infrastructure.DbQuery`1.System.Linq.IQueryable.get_Provider()
   em System.Linq.Queryable.Where[TSource](IQueryable`1 source, Expression`1 predicate)
   em VendasOnline.Data.Models.vendasonlineRepository.SearchProduct(List`1 searchParameters) em e:\ISEC\Mestrado\Projeto\Versionamento\Implementacao\DotNet\VendasOnline\VendasOnline.Data\Models\vendasonlineRepository.cs:line 28
   em VendasOnline.RestServices.Services.ProductsService.SearchProducts(List`1 searchParameters) em e:\ISEC\Mestrado\Projeto\Versionamento\Implementacao\DotNet\VendasOnline\VendasOnline.RestServices\Services\ProductsService.cs:line 43
2015-09-10 01:46:42,060 [14] ERROR VendasOnline.RestServices.Services.ProductsService Erro na pesquisa de produtos
System.Data.Entity.Core.ProviderIncompatibleException: An error occurred accessing the database. This usually means that the connection to the database failed. Check that the connection string is correct and that the appropriate DbContext constructor is being used to specify it or find it in the application's config file. See http://go.microsoft.com/fwlink/?LinkId=386386 for information on DbContext and connections. See the inner exception for details of the failure. ---> System.Data.Entity.Core.ProviderIncompatibleException: The provider did not return a ProviderManifestToken string. ---> MySql.Data.MySqlClient.MySqlException: Unable to connect to any of the specified MySQL hosts.
   em MySql.Data.MySqlClient.NativeDriver.Open()
   em MySql.Data.MySqlClient.Driver.Open()
   em MySql.Data.MySqlClient.Driver.Create(MySqlConnectionStringBuilder settings)
   em MySql.Data.MySqlClient.MySqlPool.CreateNewPooledConnection()
   em MySql.Data.MySqlClient.MySqlPool.GetPooledConnection()
   em MySql.Data.MySqlClient.MySqlPool.TryToGetDriver()
   em MySql.Data.MySqlClient.MySqlPool.GetConnection()
   em MySql.Data.MySqlClient.MySqlConnection.Open()
   em MySql.Data.MySqlClient.MySqlProviderServices.GetDbProviderManifestToken(DbConnection connection)
   em System.Data.Entity.Core.Common.DbProviderServices.GetProviderManifestToken(DbConnection connection)
   --- Fim do rastreio da pilha de excepção interna ---
   em System.Data.Entity.Core.Common.DbProviderServices.GetProviderManifestToken(DbConnection connection)
   em System.Data.Entity.Utilities.DbProviderServicesExtensions.GetProviderManifestTokenChecked(DbProviderServices providerServices, DbConnection connection)
   --- Fim do rastreio da pilha de excepção interna ---
   em System.Data.Entity.Utilities.DbProviderServicesExtensions.GetProviderManifestTokenChecked(DbProviderServices providerServices, DbConnection connection)
   em System.Data.Entity.Infrastructure.DefaultManifestTokenResolver.<>c__DisplayClass1.<ResolveManifestToken>b__0(Tuple`3 k)
   em System.Collections.Concurrent.ConcurrentDictionary`2.GetOrAdd(TKey key, Func`2 valueFactory)
   em System.Data.Entity.Infrastructure.DefaultManifestTokenResolver.ResolveManifestToken(DbConnection connection)
   em System.Data.Entity.Utilities.DbConnectionExtensions.GetProviderInfo(DbConnection connection, DbProviderManifest& providerManifest)
   em System.Data.Entity.DbModelBuilder.Build(DbConnection providerConnection)
   em System.Data.Entity.Internal.LazyInternalContext.CreateModel(LazyInternalContext internalContext)
   em System.Data.Entity.Internal.RetryLazy`2.GetValue(TInput input)
   em System.Data.Entity.Internal.LazyInternalContext.InitializeContext()
   em System.Data.Entity.Internal.InternalContext.GetEntitySetAndBaseTypeForType(Type entityType)
   em System.Data.Entity.Internal.Linq.InternalSet`1.Initialize()
   em System.Data.Entity.Internal.Linq.InternalSet`1.get_InternalContext()
   em System.Data.Entity.Infrastructure.DbQuery`1.System.Linq.IQueryable.get_Provider()
   em System.Linq.Queryable.Where[TSource](IQueryable`1 source, Expression`1 predicate)
   em VendasOnline.Data.Models.vendasonlineRepository.SearchProduct(List`1 searchParameters) em e:\ISEC\Mestrado\Projeto\Versionamento\Implementacao\DotNet\VendasOnline\VendasOnline.Data\Models\vendasonlineRepository.cs:line 28
   em VendasOnline.RestServices.Services.ProductsService.SearchProducts(List`1 searchParameters) em e:\ISEC\Mestrado\Projeto\Versionamento\Implementacao\DotNet\VendasOnline\VendasOnline.RestServices\Services\ProductsService.cs:line 43
2015-09-10 01:47:10,429 [18] ERROR VendasOnline.RestServices.Services.ProductsService Erro na pesquisa de produtos
System.Data.Entity.Core.ProviderIncompatibleException: An error occurred accessing the database. This usually means that the connection to the database failed. Check that the connection string is correct and that the appropriate DbContext constructor is being used to specify it or find it in the application's config file. See http://go.microsoft.com/fwlink/?LinkId=386386 for information on DbContext and connections. See the inner exception for details of the failure. ---> System.Data.Entity.Core.ProviderIncompatibleException: The provider did not return a ProviderManifestToken string. ---> MySql.Data.MySqlClient.MySqlException: Unable to connect to any of the specified MySQL hosts.
   em MySql.Data.MySqlClient.NativeDriver.Open()
   em MySql.Data.MySqlClient.Driver.Open()
   em MySql.Data.MySqlClient.Driver.Create(MySqlConnectionStringBuilder settings)
   em MySql.Data.MySqlClient.MySqlPool.CreateNewPooledConnection()
   em MySql.Data.MySqlClient.MySqlPool.GetPooledConnection()
   em MySql.Data.MySqlClient.MySqlPool.TryToGetDriver()
   em MySql.Data.MySqlClient.MySqlPool.GetConnection()
   em MySql.Data.MySqlClient.MySqlConnection.Open()
   em MySql.Data.MySqlClient.MySqlProviderServices.GetDbProviderManifestToken(DbConnection connection)
   em System.Data.Entity.Core.Common.DbProviderServices.GetProviderManifestToken(DbConnection connection)
   --- Fim do rastreio da pilha de excepção interna ---
   em System.Data.Entity.Core.Common.DbProviderServices.GetProviderManifestToken(DbConnection connection)
   em System.Data.Entity.Utilities.DbProviderServicesExtensions.GetProviderManifestTokenChecked(DbProviderServices providerServices, DbConnection connection)
   --- Fim do rastreio da pilha de excepção interna ---
   em System.Data.Entity.Utilities.DbProviderServicesExtensions.GetProviderManifestTokenChecked(DbProviderServices providerServices, DbConnection connection)
   em System.Data.Entity.Infrastructure.DefaultManifestTokenResolver.<>c__DisplayClass1.<ResolveManifestToken>b__0(Tuple`3 k)
   em System.Collections.Concurrent.ConcurrentDictionary`2.GetOrAdd(TKey key, Func`2 valueFactory)
   em System.Data.Entity.Infrastructure.DefaultManifestTokenResolver.ResolveManifestToken(DbConnection connection)
   em System.Data.Entity.Utilities.DbConnectionExtensions.GetProviderInfo(DbConnection connection, DbProviderManifest& providerManifest)
   em System.Data.Entity.DbModelBuilder.Build(DbConnection providerConnection)
   em System.Data.Entity.Internal.LazyInternalContext.CreateModel(LazyInternalContext internalContext)
   em System.Data.Entity.Internal.RetryLazy`2.GetValue(TInput input)
   em System.Data.Entity.Internal.LazyInternalContext.InitializeContext()
   em System.Data.Entity.Internal.InternalContext.GetEntitySetAndBaseTypeForType(Type entityType)
   em System.Data.Entity.Internal.Linq.InternalSet`1.Initialize()
   em System.Data.Entity.Internal.Linq.InternalSet`1.get_InternalContext()
   em System.Data.Entity.Infrastructure.DbQuery`1.System.Linq.IQueryable.get_Provider()
   em System.Linq.Queryable.Where[TSource](IQueryable`1 source, Expression`1 predicate)
   em VendasOnline.Data.Models.vendasonlineRepository.SearchProduct(List`1 searchParameters) em e:\ISEC\Mestrado\Projeto\Versionamento\Implementacao\DotNet\VendasOnline\VendasOnline.Data\Models\vendasonlineRepository.cs:line 28
   em VendasOnline.RestServices.Services.ProductsService.SearchProducts(List`1 searchParameters) em e:\ISEC\Mestrado\Projeto\Versionamento\Implementacao\DotNet\VendasOnline\VendasOnline.RestServices\Services\ProductsService.cs:line 43
[Header]\r\n2016-04-12 00:58:29,166 [8] ERROR OnlineSales.RestServices.Services.FindProductsService Error searching products.
System.InvalidOperationException: The Entity Framework provider type 'MySql.Data.MySqlClient.MySqlProviderServices, MySql.Data.Entity.EF6' registered in the application config file for the ADO.NET provider with invariant name 'MySql.Data.MySqlClient' could not be loaded. Make sure that the assembly-qualified name is used and that the assembly is available to the running application. See http://go.microsoft.com/fwlink/?LinkId=260882 for more information.
   em System.Data.Entity.Infrastructure.DependencyResolution.ProviderServicesFactory.GetInstance(String providerTypeName, String providerInvariantName)
   em System.Data.Entity.Internal.AppConfig.<.ctor>b__2(ProviderElement e)
   em System.Linq.Enumerable.WhereSelectEnumerableIterator`2.MoveNext()
   em System.Collections.Generic.List`1..ctor(IEnumerable`1 collection)
   em System.Linq.Enumerable.ToList[TSource](IEnumerable`1 source)
   em System.Data.Entity.Internal.AppConfig.<.ctor>b__1()
   em System.Lazy`1.CreateValue()
   em System.Lazy`1.LazyInitValue()
   em System.Lazy`1.get_Value()
   em System.Data.Entity.Internal.AppConfig.get_DbProviderServices()
   em System.Data.Entity.Infrastructure.DependencyResolution.AppConfigDependencyResolver.RegisterDbProviderServices()
   em System.Data.Entity.Infrastructure.DependencyResolution.AppConfigDependencyResolver.GetServiceFactory(Type type, String name)
   em System.Data.Entity.Infrastructure.DependencyResolution.AppConfigDependencyResolver.<>c__DisplayClass1.<GetService>b__0(Tuple`2 t)
   em System.Collections.Concurrent.ConcurrentDictionary`2.GetOrAdd(TKey key, Func`2 valueFactory)
   em System.Data.Entity.Infrastructure.DependencyResolution.AppConfigDependencyResolver.GetService(Type type, Object key)
   em System.Data.Entity.Infrastructure.DependencyResolution.ResolverChain.<>c__DisplayClass3.<GetService>b__0(IDbDependencyResolver r)
   em System.Linq.Enumerable.WhereSelectArrayIterator`2.MoveNext()
   em System.Linq.Enumerable.FirstOrDefault[TSource](IEnumerable`1 source, Func`2 predicate)
   em System.Data.Entity.Infrastructure.DependencyResolution.ResolverChain.GetService(Type type, Object key)
   em System.Data.Entity.Infrastructure.DependencyResolution.CompositeResolver`2.GetService(Type type, Object key)
   em System.Data.Entity.Infrastructure.DependencyResolution.DbDependencyResolverExtensions.GetService[T](IDbDependencyResolver resolver)
   em System.Data.Entity.DbContext.InitializeLazyInternalContext(IInternalConnection internalConnection, DbCompiledModel model)
   em System.Data.Entity.DbContext..ctor(String nameOrConnectionString)
   em OnlineSales.Data.Models.OnlineSalesContext..ctor() em E:\ISEC\Mestrado\Projeto\Versionamento\Implementacao\DotNet\OnlineSales\OnlineSales.Data\Models\OnlineSalesContext.cs:line 14
   em OnlineSales.RestServices.Services.FindProductsService.LimitedSearch(List`1 searchParameters, Int32 numberOfProducts) em E:\ISEC\Mestrado\Projeto\Versionamento\Implementacao\DotNet\OnlineSales\OnlineSales.RestServices\Services\FindProductsService.cs:line 59
2016-04-12 00:58:49,089 [8] ERROR OnlineSales.RestServices.Services.FindProductsService Error searching products.
System.InvalidOperationException: The Entity Framework provider type 'MySql.Data.MySqlClient.MySqlProviderServices, MySql.Data.Entity.EF6' registered in the application config file for the ADO.NET provider with invariant name 'MySql.Data.MySqlClient' could not be loaded. Make sure that the assembly-qualified name is used and that the assembly is available to the running application. See http://go.microsoft.com/fwlink/?LinkId=260882 for more information.
   em System.Data.Entity.Infrastructure.DependencyResolution.ProviderServicesFactory.GetInstance(String providerTypeName, String providerInvariantName)
   em System.Data.Entity.Internal.AppConfig.<.ctor>b__2(ProviderElement e)
   em System.Linq.Enumerable.WhereSelectEnumerableIterator`2.MoveNext()
   em System.Collections.Generic.List`1..ctor(IEnumerable`1 collection)
   em System.Linq.Enumerable.ToList[TSource](IEnumerable`1 source)
   em System.Data.Entity.Internal.AppConfig.<.ctor>b__1()
   em System.Lazy`1.CreateValue()
--- Fim do rastreio da pilha da localização anterior em que a excepção foi emitida ---
   em System.Runtime.ExceptionServices.ExceptionDispatchInfo.Throw()
   em System.Lazy`1.get_Value()
   em System.Data.Entity.Internal.AppConfig.get_DbProviderServices()
   em System.Data.Entity.Infrastructure.DependencyResolution.AppConfigDependencyResolver.RegisterDbProviderServices()
   em System.Data.Entity.Infrastructure.DependencyResolution.AppConfigDependencyResolver.GetServiceFactory(Type type, String name)
   em System.Data.Entity.Infrastructure.DependencyResolution.AppConfigDependencyResolver.<>c__DisplayClass1.<GetService>b__0(Tuple`2 t)
   em System.Collections.Concurrent.ConcurrentDictionary`2.GetOrAdd(TKey key, Func`2 valueFactory)
   em System.Data.Entity.Infrastructure.DependencyResolution.AppConfigDependencyResolver.GetService(Type type, Object key)
   em System.Data.Entity.Infrastructure.DependencyResolution.ResolverChain.<>c__DisplayClass3.<GetService>b__0(IDbDependencyResolver r)
   em System.Linq.Enumerable.WhereSelectArrayIterator`2.MoveNext()
   em System.Linq.Enumerable.FirstOrDefault[TSource](IEnumerable`1 source, Func`2 predicate)
   em System.Data.Entity.Infrastructure.DependencyResolution.ResolverChain.GetService(Type type, Object key)
   em System.Data.Entity.Infrastructure.DependencyResolution.CompositeResolver`2.GetService(Type type, Object key)
   em System.Data.Entity.Infrastructure.DependencyResolution.DbDependencyResolverExtensions.GetService[T](IDbDependencyResolver resolver)
   em System.Data.Entity.DbContext.InitializeLazyInternalContext(IInternalConnection internalConnection, DbCompiledModel model)
   em System.Data.Entity.DbContext..ctor(String nameOrConnectionString)
   em OnlineSales.Data.Models.OnlineSalesContext..ctor() em E:\ISEC\Mestrado\Projeto\Versionamento\Implementacao\DotNet\OnlineSales\OnlineSales.Data\Models\OnlineSalesContext.cs:line 14
   em OnlineSales.RestServices.Services.FindProductsService.LimitedSearch(List`1 searchParameters, Int32 numberOfProducts) em E:\ISEC\Mestrado\Projeto\Versionamento\Implementacao\DotNet\OnlineSales\OnlineSales.RestServices\Services\FindProductsService.cs:line 59
[Header]\r\n2016-04-12 01:04:53,014 [9] ERROR OnlineSales.RestServices.Services.FindProductsService Error searching products.
System.InvalidOperationException: The Entity Framework provider type 'MySql.Data.MySqlClient.MySqlProviderServices, MySql.Data.Entity.EF6' registered in the application config file for the ADO.NET provider with invariant name 'MySql.Data.MySqlClient' could not be loaded. Make sure that the assembly-qualified name is used and that the assembly is available to the running application. See http://go.microsoft.com/fwlink/?LinkId=260882 for more information.
   em System.Data.Entity.Infrastructure.DependencyResolution.ProviderServicesFactory.GetInstance(String providerTypeName, String providerInvariantName)
   em System.Data.Entity.Internal.AppConfig.<.ctor>b__2(ProviderElement e)
   em System.Linq.Enumerable.WhereSelectEnumerableIterator`2.MoveNext()
   em System.Collections.Generic.List`1..ctor(IEnumerable`1 collection)
   em System.Linq.Enumerable.ToList[TSource](IEnumerable`1 source)
   em System.Data.Entity.Internal.AppConfig.<.ctor>b__1()
   em System.Lazy`1.CreateValue()
   em System.Lazy`1.LazyInitValue()
   em System.Lazy`1.get_Value()
   em System.Data.Entity.Internal.AppConfig.get_DbProviderServices()
   em System.Data.Entity.Infrastructure.DependencyResolution.AppConfigDependencyResolver.RegisterDbProviderServices()
   em System.Data.Entity.Infrastructure.DependencyResolution.AppConfigDependencyResolver.GetServiceFactory(Type type, String name)
   em System.Data.Entity.Infrastructure.DependencyResolution.AppConfigDependencyResolver.<>c__DisplayClass1.<GetService>b__0(Tuple`2 t)
   em System.Collections.Concurrent.ConcurrentDictionary`2.GetOrAdd(TKey key, Func`2 valueFactory)
   em System.Data.Entity.Infrastructure.DependencyResolution.AppConfigDependencyResolver.GetService(Type type, Object key)
   em System.Data.Entity.Infrastructure.DependencyResolution.ResolverChain.<>c__DisplayClass3.<GetService>b__0(IDbDependencyResolver r)
   em System.Linq.Enumerable.WhereSelectArrayIterator`2.MoveNext()
   em System.Linq.Enumerable.FirstOrDefault[TSource](IEnumerable`1 source, Func`2 predicate)
   em System.Data.Entity.Infrastructure.DependencyResolution.ResolverChain.GetService(Type type, Object key)
   em System.Data.Entity.Infrastructure.DependencyResolution.CompositeResolver`2.GetService(Type type, Object key)
   em System.Data.Entity.Infrastructure.DependencyResolution.DbDependencyResolverExtensions.GetService[T](IDbDependencyResolver resolver)
   em System.Data.Entity.DbContext.InitializeLazyInternalContext(IInternalConnection internalConnection, DbCompiledModel model)
   em System.Data.Entity.DbContext..ctor(String nameOrConnectionString)
   em OnlineSales.Data.Models.OnlineSalesContext..ctor() em E:\ISEC\Mestrado\Projeto\Versionamento\Implementacao\DotNet\OnlineSales\OnlineSales.Data\Models\OnlineSalesContext.cs:line 14
   em OnlineSales.RestServices.Services.FindProductsService.LimitedSearch(List`1 searchParameters, Int32 numberOfProducts) em E:\ISEC\Mestrado\Projeto\Versionamento\Implementacao\DotNet\OnlineSales\OnlineSales.RestServices\Services\FindProductsService.cs:line 59
2016-04-12 01:05:27,453 [9] ERROR OnlineSales.RestServices.Services.FindProductsService Error searching products.
System.InvalidOperationException: The Entity Framework provider type 'MySql.Data.MySqlClient.MySqlProviderServices, MySql.Data.Entity.EF6' registered in the application config file for the ADO.NET provider with invariant name 'MySql.Data.MySqlClient' could not be loaded. Make sure that the assembly-qualified name is used and that the assembly is available to the running application. See http://go.microsoft.com/fwlink/?LinkId=260882 for more information.
   em System.Data.Entity.Infrastructure.DependencyResolution.ProviderServicesFactory.GetInstance(String providerTypeName, String providerInvariantName)
   em System.Data.Entity.Internal.AppConfig.<.ctor>b__2(ProviderElement e)
   em System.Linq.Enumerable.WhereSelectEnumerableIterator`2.MoveNext()
   em System.Collections.Generic.List`1..ctor(IEnumerable`1 collection)
   em System.Linq.Enumerable.ToList[TSource](IEnumerable`1 source)
   em System.Data.Entity.Internal.AppConfig.<.ctor>b__1()
   em System.Lazy`1.CreateValue()
--- Fim do rastreio da pilha da localização anterior em que a excepção foi emitida ---
   em System.Runtime.ExceptionServices.ExceptionDispatchInfo.Throw()
   em System.Lazy`1.get_Value()
   em System.Data.Entity.Internal.AppConfig.get_DbProviderServices()
   em System.Data.Entity.Infrastructure.DependencyResolution.AppConfigDependencyResolver.RegisterDbProviderServices()
   em System.Data.Entity.Infrastructure.DependencyResolution.AppConfigDependencyResolver.GetServiceFactory(Type type, String name)
   em System.Data.Entity.Infrastructure.DependencyResolution.AppConfigDependencyResolver.<>c__DisplayClass1.<GetService>b__0(Tuple`2 t)
   em System.Collections.Concurrent.ConcurrentDictionary`2.GetOrAdd(TKey key, Func`2 valueFactory)
   em System.Data.Entity.Infrastructure.DependencyResolution.AppConfigDependencyResolver.GetService(Type type, Object key)
   em System.Data.Entity.Infrastructure.DependencyResolution.ResolverChain.<>c__DisplayClass3.<GetService>b__0(IDbDependencyResolver r)
   em System.Linq.Enumerable.WhereSelectArrayIterator`2.MoveNext()
   em System.Linq.Enumerable.FirstOrDefault[TSource](IEnumerable`1 source, Func`2 predicate)
   em System.Data.Entity.Infrastructure.DependencyResolution.ResolverChain.GetService(Type type, Object key)
   em System.Data.Entity.Infrastructure.DependencyResolution.CompositeResolver`2.GetService(Type type, Object key)
   em System.Data.Entity.Infrastructure.DependencyResolution.DbDependencyResolverExtensions.GetService[T](IDbDependencyResolver resolver)
   em System.Data.Entity.DbContext.InitializeLazyInternalContext(IInternalConnection internalConnection, DbCompiledModel model)
   em System.Data.Entity.DbContext..ctor(String nameOrConnectionString)
   em OnlineSales.Data.Models.OnlineSalesContext..ctor() em E:\ISEC\Mestrado\Projeto\Versionamento\Implementacao\DotNet\OnlineSales\OnlineSales.Data\Models\OnlineSalesContext.cs:line 14
   em OnlineSales.RestServices.Services.FindProductsService.LimitedSearch(List`1 searchParameters, Int32 numberOfProducts) em E:\ISEC\Mestrado\Projeto\Versionamento\Implementacao\DotNet\OnlineSales\OnlineSales.RestServices\Services\FindProductsService.cs:line 59
2016-04-12 01:05:55,040 [10] ERROR OnlineSales.RestServices.Services.FindProductsService Error searching products.
System.InvalidOperationException: The Entity Framework provider type 'MySql.Data.MySqlClient.MySqlProviderServices, MySql.Data.Entity.EF6' registered in the application config file for the ADO.NET provider with invariant name 'MySql.Data.MySqlClient' could not be loaded. Make sure that the assembly-qualified name is used and that the assembly is available to the running application. See http://go.microsoft.com/fwlink/?LinkId=260882 for more information.
   em System.Data.Entity.Infrastructure.DependencyResolution.ProviderServicesFactory.GetInstance(String providerTypeName, String providerInvariantName)
   em System.Data.Entity.Internal.AppConfig.<.ctor>b__2(ProviderElement e)
   em System.Linq.Enumerable.WhereSelectEnumerableIterator`2.MoveNext()
   em System.Collections.Generic.List`1..ctor(IEnumerable`1 collection)
   em System.Linq.Enumerable.ToList[TSource](IEnumerable`1 source)
   em System.Data.Entity.Internal.AppConfig.<.ctor>b__1()
   em System.Lazy`1.CreateValue()
--- Fim do rastreio da pilha da localização anterior em que a excepção foi emitida ---
   em System.Runtime.ExceptionServices.ExceptionDispatchInfo.Throw()
   em System.Lazy`1.get_Value()
   em System.Data.Entity.Internal.AppConfig.get_DbProviderServices()
   em System.Data.Entity.Infrastructure.DependencyResolution.AppConfigDependencyResolver.RegisterDbProviderServices()
   em System.Data.Entity.Infrastructure.DependencyResolution.AppConfigDependencyResolver.GetServiceFactory(Type type, String name)
   em System.Data.Entity.Infrastructure.DependencyResolution.AppConfigDependencyResolver.<>c__DisplayClass1.<GetService>b__0(Tuple`2 t)
   em System.Collections.Concurrent.ConcurrentDictionary`2.GetOrAdd(TKey key, Func`2 valueFactory)
   em System.Data.Entity.Infrastructure.DependencyResolution.AppConfigDependencyResolver.GetService(Type type, Object key)
   em System.Data.Entity.Infrastructure.DependencyResolution.ResolverChain.<>c__DisplayClass3.<GetService>b__0(IDbDependencyResolver r)
   em System.Linq.Enumerable.WhereSelectArrayIterator`2.MoveNext()
   em System.Linq.Enumerable.FirstOrDefault[TSource](IEnumerable`1 source, Func`2 predicate)
   em System.Data.Entity.Infrastructure.DependencyResolution.ResolverChain.GetService(Type type, Object key)
   em System.Data.Entity.Infrastructure.DependencyResolution.CompositeResolver`2.GetService(Type type, Object key)
   em System.Data.Entity.Infrastructure.DependencyResolution.DbDependencyResolverExtensions.GetService[T](IDbDependencyResolver resolver)
   em System.Data.Entity.DbContext.InitializeLazyInternalContext(IInternalConnection internalConnection, DbCompiledModel model)
   em System.Data.Entity.DbContext..ctor(String nameOrConnectionString)
   em OnlineSales.Data.Models.OnlineSalesContext..ctor() em E:\ISEC\Mestrado\Projeto\Versionamento\Implementacao\DotNet\OnlineSales\OnlineSales.Data\Models\OnlineSalesContext.cs:line 14
   em OnlineSales.RestServices.Services.FindProductsService.SearchProducts(List`1 searchParameters) em E:\ISEC\Mestrado\Projeto\Versionamento\Implementacao\DotNet\OnlineSales\OnlineSales.RestServices\Services\FindProductsService.cs:line 39
